<?xml version="1.0" encoding="UTF-8"?>
<!-- Generated by org.testng.reporters.JUnitXMLReporter -->
<testsuite ignored="4" hostname="Brahmendras-MacBook-Air.local" failures="0" tests="3" name="login" time="27.028" errors="0" timestamp="2026-03-23T17:37:15 GMT-04:00">
  <testcase classname="com.orangeHRM.tests.InvalidLoginTest" name="TC46043_verifyInvalidLoginFunctionality" time="3.432"/>
  <testcase classname="com.orangeHRM.tests.logouttTest" name="TC46044_verifyLogoutFunctionality" time="7.57"/>
  <testcase classname="com.orangeHRM.tests.ValidLoginTest" name="TC46042_verifyValidLoginFunctionality" time="3.856"/>
  <testcase classname="com.orangeHRM.generic.AdminBaseControl" name="@BeforeSuite beforeSuite" time="0.0">
    <ignored/>
  </testcase> <!-- @BeforeSuite beforeSuite -->
  <testcase classname="com.orangeHRM.generic.AdminBaseControl" name="@AfterSuite closeDriver" time="0.0">
    <ignored/>
  </testcase> <!-- @AfterSuite closeDriver -->
  <testcase classname="com.orangeHRM.generic.AdminBaseControl" name="@BeforeSuite beforeSuite" time="0.0">
    <ignored/>
  </testcase> <!-- @BeforeSuite beforeSuite -->
  <testcase classname="com.orangeHRM.generic.AdminBaseControl" name="@AfterSuite closeDriver" time="0.0">
    <ignored/>
  </testcase> <!-- @AfterSuite closeDriver -->
</testsuite> <!-- login -->
