<?xml version="1.0" encoding="UTF-8"?>
<!-- Generated by org.testng.reporters.JUnitXMLReporter -->
<testsuite ignored="4" hostname="Brahmendras-MacBook-Air.local" failures="1" tests="3" name="login" time="58.067" errors="0" timestamp="2026-04-28T13:28:06 GMT-04:00">
  <testcase classname="com.orangeHRM.tests.InvalidLoginTest" name="TC46043_verifyInvalidLoginFunctionality" time="7.625"/>
  <testcase classname="com.orangeHRM.tests.logouttTest" name="TC46044_verifyLogoutFunctionality" time="17.447"/>
  <testcase classname="com.orangeHRM.tests.ValidLoginTest" name="TC46042_verifyValidLoginFunctionality" time="1.11">
    <failure type="java.lang.AssertionError" message="SendKeys failed -&amp;gt; no such window: target window already closed
from unknown error: web view not found
  (Session info: chrome=147.0.7727.102)
Build info: version: &amp;apos;4.25.0&amp;apos;, revision: &amp;apos;8a8aea2337&amp;apos;
System info: os.name: &amp;apos;Mac OS X&amp;apos;, os.arch: &amp;apos;aarch64&amp;apos;, os.version: &amp;apos;26.3.1&amp;apos;, java.version: &amp;apos;23.0.1&amp;apos;
Driver info: org.openqa.selenium.chrome.ChromeDriver
Command: [9c47b46af47351a07288d2badf7f1198, findElement {value=//input[@name=&amp;apos;username&amp;apos;], using=xpath}]
Capabilities {acceptInsecureCerts: false, browserName: chrome, browserVersion: 147.0.7727.102, chrome: {chromedriverVersion: 147.0.7727.117 (474cc805edd..., userDataDir: /var/folders/jt/ltwwk1l94_z...}, fedcm:accounts: true, goog:chromeOptions: {debuggerAddress: localhost:49708}, goog:processID: 58319, networkConnectionEnabled: false, pageLoadStrategy: normal, platformName: mac, proxy: Proxy(), se:cdp: ws://localhost:49708/devtoo..., se:cdpVersion: 147.0.7727.102, setWindowRect: true, strictFileInteractability: false, timeouts: {implicit: 0, pageLoad: 300000, script: 30000}, unhandledPromptBehavior: dismiss and notify, webauthn:extension:credBlob: true, webauthn:extension:largeBlob: true, webauthn:extension:minPinLength: true, webauthn:extension:prf: true, webauthn:virtualAuthenticators: true}
Session ID: 9c47b46af47351a07288d2badf7f1198">
      <![CDATA[java.lang.AssertionError: SendKeys failed -> no such window: target window already closed
from unknown error: web view not found
  (Session info: chrome=147.0.7727.102)
Build info: version: '4.25.0', revision: '8a8aea2337'
System info: os.name: 'Mac OS X', os.arch: 'aarch64', os.version: '26.3.1', java.version: '23.0.1'
Driver info: org.openqa.selenium.chrome.ChromeDriver
Command: [9c47b46af47351a07288d2badf7f1198, findElement {value=//input[@name='username'], using=xpath}]
Capabilities {acceptInsecureCerts: false, browserName: chrome, browserVersion: 147.0.7727.102, chrome: {chromedriverVersion: 147.0.7727.117 (474cc805edd..., userDataDir: /var/folders/jt/ltwwk1l94_z...}, fedcm:accounts: true, goog:chromeOptions: {debuggerAddress: localhost:49708}, goog:processID: 58319, networkConnectionEnabled: false, pageLoadStrategy: normal, platformName: mac, proxy: Proxy(), se:cdp: ws://localhost:49708/devtoo..., se:cdpVersion: 147.0.7727.102, setWindowRect: true, strictFileInteractability: false, timeouts: {implicit: 0, pageLoad: 300000, script: 30000}, unhandledPromptBehavior: dismiss and notify, webauthn:extension:credBlob: true, webauthn:extension:largeBlob: true, webauthn:extension:minPinLength: true, webauthn:extension:prf: true, webauthn:virtualAuthenticators: true}
Session ID: 9c47b46af47351a07288d2badf7f1198
at com.orangeHRM.generic.WebUtilityKeys.webEnterText_ByXpath(WebUtilityKeys.java:92)
at com.orangeHRM.pages.LoginPage.enterUsername(LoginPage.java:45)
at com.orangeHRM.tests.ValidLoginTest.TC46042_verifyValidLoginFunctionality(ValidLoginTest.java:37)
at java.base/java.util.ArrayList.forEach(ArrayList.java:1597)
... Removed 26 stack frames]]>
    </failure>
  </testcase> <!-- TC46042_verifyValidLoginFunctionality -->
  <testcase classname="com.orangeHRM.generic.AdminBaseControl" name="@BeforeSuite beforeSuite" time="0.0">
    <ignored/>
  </testcase> <!-- @BeforeSuite beforeSuite -->
  <testcase classname="com.orangeHRM.generic.AdminBaseControl" name="@AfterSuite closeDriver" time="0.0">
    <ignored/>
  </testcase> <!-- @AfterSuite closeDriver -->
  <testcase classname="com.orangeHRM.generic.AdminBaseControl" name="@BeforeSuite beforeSuite" time="0.0">
    <ignored/>
  </testcase> <!-- @BeforeSuite beforeSuite -->
  <testcase classname="com.orangeHRM.generic.AdminBaseControl" name="@AfterSuite closeDriver" time="0.0">
    <ignored/>
  </testcase> <!-- @AfterSuite closeDriver -->
</testsuite> <!-- login -->
