<?xml version="1.0" encoding="UTF-8"?>
<!-- Generated by org.testng.reporters.JUnitReportReporter -->
<testsuite hostname="Brahmendras-MacBook-Air.local" failures="0" tests="2" name="com.orangeHRM.tests.LoginTest" time="5.881" errors="0" timestamp="2026-02-21T22:18:17 GMT-05:00" skipped="0">
  <testcase classname="com.orangeHRM.tests.LoginTest" name="TC46043_verifyInvalidLoginFunctionality" time="3.772"/>
  <testcase classname="com.orangeHRM.tests.LoginTest" name="TC46042_verifyValidLoginFunctionality" time="2.109"/>
</testsuite> <!-- com.orangeHRM.tests.LoginTest -->
