<?xml version="1.0" encoding="UTF-8"?>
<!-- Generated by org.testng.reporters.JUnitReportReporter -->
<testsuite hostname="Brahmendras-MacBook-Air.local" failures="0" tests="2" name="com.orangeHRM.tests.ValidLoginTest" time="8.907" errors="0" timestamp="2026-02-17T17:19:09 GMT-05:00" skipped="0">
  <testcase classname="com.orangeHRM.tests.ValidLoginTest" name="TC46043_verifyInvalidLoginFunctionality" time="4.855"/>
  <testcase classname="com.orangeHRM.tests.ValidLoginTest" name="TC46042_verifyValidLoginFunctionality" time="4.052"/>
</testsuite> <!-- com.orangeHRM.tests.ValidLoginTest -->
