<?xml version="1.0" encoding="UTF-8"?>
<!-- Generated by org.testng.reporters.JUnitReportReporter -->
<testsuite hostname="Brahmendras-MacBook-Air.local" failures="0" tests="1" name="com.orangeHRM.tests.DashboardTest" time="3.744" errors="0" timestamp="2026-02-21T21:12:56 GMT-05:00" skipped="0">
  <testcase classname="com.orangeHRM.tests.DashboardTest" name="TC46044_verifyLogoutFunctionality" time="3.744"/>
  <system-out>
    <![CDATA[screenshotname:/Users/brahmendrajayaraju/Desktop/POM_Actitime/Project_Report/Screenshots/TC46042_verifyValidLoginFunctionality_21_02_2026_21_12_42.png]]>
  </system-out>
</testsuite> <!-- com.orangeHRM.tests.DashboardTest -->
