<?xml version="1.0" encoding="UTF-8"?>
<!-- Generated by org.testng.reporters.JUnitReportReporter -->
<testsuite hostname="Brahmendras-MacBook-Air.local" failures="0" tests="2" name="testclass.TestLogin" time="3.346" errors="0" timestamp="2026-02-12T00:52:09 GMT-05:00" skipped="0">
  <testcase classname="testclass.TestLogin" name="TC46043_verifyInvalidLoginFunctionality" time="1.050"/>
  <testcase classname="testclass.TestLogin" name="TC46042_verifyValidLoginFunctionality" time="2.296"/>
</testsuite> <!-- testclass.TestLogin -->
